{"C:\\Users\\dm.ramirez\\Documents\\projects\\react-native-challenge\\pokemon-app\\src\\components\\Grid.js": {"path":"C:\\Users\\dm.ramirez\\Documents\\projects\\react-native-challenge\\pokemon-app\\src\\components\\Grid.js","statementMap":{"0":{"start":{"line":7,"column":20},"end":{"line":59,"column":1}},"1":{"start":{"line":9,"column":42},"end":{"line":9,"column":57}},"2":{"start":{"line":10,"column":48},"end":{"line":10,"column":77}},"3":{"start":{"line":12,"column":2},"end":{"line":58,"column":3}},"4":{"start":{"line":27,"column":8},"end":{"line":33,"column":10}},"5":{"start":{"line":61,"column":19},"end":{"line":79,"column":2}},"6":{"start":{"line":82,"column":20},"end":{"line":116,"column":2}}},"fnMap":{"0":{"name":"(anonymous_0)","decl":{"start":{"line":7,"column":20},"end":{"line":7,"column":21}},"loc":{"start":{"line":7,"column":38},"end":{"line":59,"column":1}},"line":7},"1":{"name":"(anonymous_1)","decl":{"start":{"line":26,"column":21},"end":{"line":26,"column":22}},"loc":{"start":{"line":27,"column":8},"end":{"line":33,"column":10}},"line":27}},"branchMap":{"0":{"loc":{"start":{"line":16,"column":8},"end":{"line":33,"column":11}},"type":"cond-expr","locations":[{"start":{"line":18,"column":8},"end":{"line":24,"column":15}},{"start":{"line":26,"column":8},"end":{"line":33,"column":11}}],"line":16}},"s":{"0":1,"1":2,"2":2,"3":2,"4":3,"5":1,"6":1},"f":{"0":2,"1":3},"b":{"0":[1,1]},"_coverageSchema":"1a1c01bbd47fc00a2c39e90264f33305004495a9","hash":"3abcb85070348abdb7b17d5d9e179e084f1a5544"}
,"C:\\Users\\dm.ramirez\\Documents\\projects\\react-native-challenge\\pokemon-app\\src\\components\\GridItem.js": {"path":"C:\\Users\\dm.ramirez\\Documents\\projects\\react-native-challenge\\pokemon-app\\src\\components\\GridItem.js","statementMap":{"0":{"start":{"line":6,"column":24},"end":{"line":24,"column":1}},"1":{"start":{"line":8,"column":22},"end":{"line":8,"column":48}},"2":{"start":{"line":10,"column":25},"end":{"line":13,"column":3}},"3":{"start":{"line":11,"column":4},"end":{"line":11,"column":32}},"4":{"start":{"line":12,"column":4},"end":{"line":12,"column":26}},"5":{"start":{"line":15,"column":2},"end":{"line":23,"column":4}},"6":{"start":{"line":26,"column":23},"end":{"line":54,"column":2}}},"fnMap":{"0":{"name":"(anonymous_0)","decl":{"start":{"line":6,"column":24},"end":{"line":6,"column":25}},"loc":{"start":{"line":6,"column":80},"end":{"line":24,"column":1}},"line":6},"1":{"name":"(anonymous_1)","decl":{"start":{"line":10,"column":25},"end":{"line":10,"column":26}},"loc":{"start":{"line":10,"column":31},"end":{"line":13,"column":3}},"line":10}},"branchMap":{},"s":{"0":2,"1":5,"2":5,"3":1,"4":1,"5":5,"6":2},"f":{"0":5,"1":1},"b":{},"_coverageSchema":"1a1c01bbd47fc00a2c39e90264f33305004495a9","hash":"24344362e4073d26ed089c43195d0f880b10b611"}
,"C:\\Users\\dm.ramirez\\Documents\\projects\\react-native-challenge\\pokemon-app\\src\\helpers\\fetchPokemon.js": {"path":"C:\\Users\\dm.ramirez\\Documents\\projects\\react-native-challenge\\pokemon-app\\src\\helpers\\fetchPokemon.js","statementMap":{"0":{"start":{"line":4,"column":28},"end":{"line":27,"column":1}},"1":{"start":{"line":6,"column":2},"end":{"line":25,"column":3}},"2":{"start":{"line":8,"column":21},"end":{"line":8,"column":41}},"3":{"start":{"line":9,"column":17},"end":{"line":9,"column":30}},"4":{"start":{"line":11,"column":4},"end":{"line":19,"column":5}},"5":{"start":{"line":15,"column":35},"end":{"line":15,"column":49}},"6":{"start":{"line":18,"column":40},"end":{"line":18,"column":54}},"7":{"start":{"line":23,"column":4},"end":{"line":23,"column":31}}},"fnMap":{"0":{"name":"(anonymous_0)","decl":{"start":{"line":4,"column":28},"end":{"line":4,"column":29}},"loc":{"start":{"line":4,"column":49},"end":{"line":27,"column":1}},"line":4},"1":{"name":"(anonymous_1)","decl":{"start":{"line":15,"column":27},"end":{"line":15,"column":28}},"loc":{"start":{"line":15,"column":35},"end":{"line":15,"column":49}},"line":15},"2":{"name":"(anonymous_2)","decl":{"start":{"line":18,"column":32},"end":{"line":18,"column":33}},"loc":{"start":{"line":18,"column":40},"end":{"line":18,"column":54}},"line":18}},"branchMap":{},"s":{"0":5,"1":5,"2":5,"3":4,"4":4,"5":8,"6":339,"7":1},"f":{"0":5,"1":8,"2":339},"b":{},"_coverageSchema":"1a1c01bbd47fc00a2c39e90264f33305004495a9","hash":"2670bfe8f20a389506fbfcc47682aa7095ff8c05"}
,"C:\\Users\\dm.ramirez\\Documents\\projects\\react-native-challenge\\pokemon-app\\src\\helpers\\fetchPokemons.js": {"path":"C:\\Users\\dm.ramirez\\Documents\\projects\\react-native-challenge\\pokemon-app\\src\\helpers\\fetchPokemons.js","statementMap":{"0":{"start":{"line":3,"column":29},"end":{"line":41,"column":1}},"1":{"start":{"line":4,"column":2},"end":{"line":40,"column":3}},"2":{"start":{"line":6,"column":4},"end":{"line":8,"column":5}},"3":{"start":{"line":7,"column":6},"end":{"line":7,"column":99}},"4":{"start":{"line":10,"column":18},"end":{"line":10,"column":20}},"5":{"start":{"line":11,"column":19},"end":{"line":11,"column":37}},"6":{"start":{"line":12,"column":18},"end":{"line":12,"column":53}},"7":{"start":{"line":13,"column":4},"end":{"line":15,"column":5}},"8":{"start":{"line":14,"column":6},"end":{"line":14,"column":55}},"9":{"start":{"line":16,"column":4},"end":{"line":16,"column":59}},"10":{"start":{"line":18,"column":21},"end":{"line":18,"column":45}},"11":{"start":{"line":20,"column":4},"end":{"line":22,"column":5}},"12":{"start":{"line":21,"column":6},"end":{"line":21,"column":35}},"13":{"start":{"line":24,"column":4},"end":{"line":27,"column":6}},"14":{"start":{"line":33,"column":4},"end":{"line":35,"column":5}},"15":{"start":{"line":34,"column":6},"end":{"line":34,"column":16}},"16":{"start":{"line":38,"column":4},"end":{"line":38,"column":17}}},"fnMap":{"0":{"name":"(anonymous_0)","decl":{"start":{"line":3,"column":29},"end":{"line":3,"column":30}},"loc":{"start":{"line":3,"column":51},"end":{"line":41,"column":1}},"line":3}},"branchMap":{"0":{"loc":{"start":{"line":6,"column":4},"end":{"line":8,"column":5}},"type":"if","locations":[{"start":{"line":6,"column":4},"end":{"line":8,"column":5}},{"start":{},"end":{}}],"line":6},"1":{"loc":{"start":{"line":6,"column":8},"end":{"line":6,"column":31}},"type":"binary-expr","locations":[{"start":{"line":6,"column":8},"end":{"line":6,"column":19}},{"start":{"line":6,"column":23},"end":{"line":6,"column":31}}],"line":6},"2":{"loc":{"start":{"line":13,"column":4},"end":{"line":15,"column":5}},"type":"if","locations":[{"start":{"line":13,"column":4},"end":{"line":15,"column":5}},{"start":{},"end":{}}],"line":13},"3":{"loc":{"start":{"line":20,"column":4},"end":{"line":22,"column":5}},"type":"if","locations":[{"start":{"line":20,"column":4},"end":{"line":22,"column":5}},{"start":{},"end":{}}],"line":20},"4":{"loc":{"start":{"line":33,"column":4},"end":{"line":35,"column":5}},"type":"if","locations":[{"start":{"line":33,"column":4},"end":{"line":35,"column":5}},{"start":{},"end":{}}],"line":33}},"s":{"0":2,"1":5,"2":5,"3":1,"4":4,"5":4,"6":4,"7":4,"8":2,"9":4,"10":4,"11":3,"12":2,"13":1,"14":2,"15":1,"16":1},"f":{"0":5},"b":{"0":[1,4],"1":[5,3],"2":[2,2],"3":[2,1],"4":[1,1]},"_coverageSchema":"1a1c01bbd47fc00a2c39e90264f33305004495a9","hash":"fd49fb87abe3a47c904500600872980d61db4c4b"}
,"C:\\Users\\dm.ramirez\\Documents\\projects\\react-native-challenge\\pokemon-app\\src\\hooks\\useFetchPokemon.js": {"path":"C:\\Users\\dm.ramirez\\Documents\\projects\\react-native-challenge\\pokemon-app\\src\\hooks\\useFetchPokemon.js","statementMap":{"0":{"start":{"line":5,"column":31},"end":{"line":17,"column":1}},"1":{"start":{"line":7,"column":32},"end":{"line":7,"column":61}},"2":{"start":{"line":9,"column":2},"end":{"line":14,"column":18}},"3":{"start":{"line":10,"column":4},"end":{"line":13,"column":5}},"4":{"start":{"line":11,"column":22},"end":{"line":11,"column":51}},"5":{"start":{"line":12,"column":6},"end":{"line":12,"column":26}},"6":{"start":{"line":16,"column":2},"end":{"line":16,"column":21}}},"fnMap":{"0":{"name":"(anonymous_0)","decl":{"start":{"line":5,"column":31},"end":{"line":5,"column":32}},"loc":{"start":{"line":5,"column":46},"end":{"line":17,"column":1}},"line":5},"1":{"name":"(anonymous_1)","decl":{"start":{"line":9,"column":12},"end":{"line":9,"column":13}},"loc":{"start":{"line":9,"column":24},"end":{"line":14,"column":3}},"line":9}},"branchMap":{"0":{"loc":{"start":{"line":10,"column":4},"end":{"line":13,"column":5}},"type":"if","locations":[{"start":{"line":10,"column":4},"end":{"line":13,"column":5}},{"start":{},"end":{}}],"line":10},"1":{"loc":{"start":{"line":10,"column":8},"end":{"line":10,"column":19}},"type":"binary-expr","locations":[{"start":{"line":10,"column":8},"end":{"line":10,"column":12}},{"start":{"line":10,"column":16},"end":{"line":10,"column":19}}],"line":10}},"s":{"0":3,"1":2,"2":2,"3":1,"4":1,"5":1,"6":2},"f":{"0":2,"1":1},"b":{"0":[1,0],"1":[1,1]},"_coverageSchema":"1a1c01bbd47fc00a2c39e90264f33305004495a9","hash":"39f209d9b22166c977759d70a56f27e1465455e3"}
,"C:\\Users\\dm.ramirez\\Documents\\projects\\react-native-challenge\\pokemon-app\\src\\hooks\\useFetchPokemons.js": {"path":"C:\\Users\\dm.ramirez\\Documents\\projects\\react-native-challenge\\pokemon-app\\src\\hooks\\useFetchPokemons.js","statementMap":{"0":{"start":{"line":5,"column":32},"end":{"line":18,"column":1}},"1":{"start":{"line":6,"column":36},"end":{"line":6,"column":48}},"2":{"start":{"line":8,"column":2},"end":{"line":15,"column":21}},"3":{"start":{"line":9,"column":4},"end":{"line":9,"column":23}},"4":{"start":{"line":10,"column":4},"end":{"line":13,"column":8}},"5":{"start":{"line":11,"column":6},"end":{"line":11,"column":24}},"6":{"start":{"line":12,"column":6},"end":{"line":12,"column":26}},"7":{"start":{"line":17,"column":2},"end":{"line":17,"column":22}}},"fnMap":{"0":{"name":"(anonymous_0)","decl":{"start":{"line":5,"column":32},"end":{"line":5,"column":33}},"loc":{"start":{"line":5,"column":68},"end":{"line":18,"column":1}},"line":5},"1":{"name":"(anonymous_1)","decl":{"start":{"line":8,"column":12},"end":{"line":8,"column":13}},"loc":{"start":{"line":8,"column":18},"end":{"line":15,"column":3}},"line":8},"2":{"name":"(anonymous_2)","decl":{"start":{"line":10,"column":35},"end":{"line":10,"column":36}},"loc":{"start":{"line":10,"column":43},"end":{"line":13,"column":7}},"line":10}},"branchMap":{"0":{"loc":{"start":{"line":5,"column":40},"end":{"line":5,"column":48}},"type":"default-arg","locations":[{"start":{"line":5,"column":47},"end":{"line":5,"column":48}}],"line":5}},"s":{"0":1,"1":2,"2":2,"3":1,"4":1,"5":1,"6":1,"7":2},"f":{"0":2,"1":1,"2":1},"b":{"0":[0]},"_coverageSchema":"1a1c01bbd47fc00a2c39e90264f33305004495a9","hash":"918b2f9d9a8a200de53bc2069658ee8075cb8618"}
,"C:\\Users\\dm.ramirez\\Documents\\projects\\react-native-challenge\\pokemon-app\\src\\pages\\PokemonDetail.js": {"path":"C:\\Users\\dm.ramirez\\Documents\\projects\\react-native-challenge\\pokemon-app\\src\\pages\\PokemonDetail.js","statementMap":{"0":{"start":{"line":4,"column":29},"end":{"line":36,"column":1}},"1":{"start":{"line":5,"column":2},"end":{"line":35,"column":4}},"2":{"start":{"line":12,"column":47},"end":{"line":12,"column":103}},"3":{"start":{"line":25,"column":54},"end":{"line":25,"column":117}},"4":{"start":{"line":30,"column":23},"end":{"line":30,"column":45}},"5":{"start":{"line":38,"column":28},"end":{"line":86,"column":2}}},"fnMap":{"0":{"name":"(anonymous_0)","decl":{"start":{"line":4,"column":29},"end":{"line":4,"column":30}},"loc":{"start":{"line":4,"column":69},"end":{"line":36,"column":1}},"line":4},"1":{"name":"(anonymous_1)","decl":{"start":{"line":12,"column":37},"end":{"line":12,"column":38}},"loc":{"start":{"line":12,"column":47},"end":{"line":12,"column":103}},"line":12},"2":{"name":"(anonymous_2)","decl":{"start":{"line":25,"column":40},"end":{"line":25,"column":41}},"loc":{"start":{"line":25,"column":54},"end":{"line":25,"column":117}},"line":25},"3":{"name":"(anonymous_3)","decl":{"start":{"line":30,"column":17},"end":{"line":30,"column":18}},"loc":{"start":{"line":30,"column":23},"end":{"line":30,"column":45}},"line":30}},"branchMap":{},"s":{"0":2,"1":2,"2":4,"3":166,"4":1,"5":2},"f":{"0":2,"1":4,"2":166,"3":1},"b":{},"_coverageSchema":"1a1c01bbd47fc00a2c39e90264f33305004495a9","hash":"df70f40a2dd3e016f63b710c1f1c12e4da22aa72"}
,"C:\\Users\\dm.ramirez\\Documents\\projects\\react-native-challenge\\pokemon-app\\src\\utils\\utils.js": {"path":"C:\\Users\\dm.ramirez\\Documents\\projects\\react-native-challenge\\pokemon-app\\src\\utils\\utils.js","statementMap":{"0":{"start":{"line":1,"column":26},"end":{"line":3,"column":1}},"1":{"start":{"line":2,"column":2},"end":{"line":2,"column":52}},"2":{"start":{"line":5,"column":35},"end":{"line":13,"column":1}}},"fnMap":{"0":{"name":"(anonymous_0)","decl":{"start":{"line":1,"column":26},"end":{"line":1,"column":27}},"loc":{"start":{"line":1,"column":35},"end":{"line":3,"column":1}},"line":1}},"branchMap":{},"s":{"0":7,"1":8,"2":7},"f":{"0":8},"b":{},"_coverageSchema":"1a1c01bbd47fc00a2c39e90264f33305004495a9","hash":"47980f9e0b7934cf4cade3fd329f3b5c9d7296c7"}
}
