TN:
SF:src\components\Grid.js
FN:7,(anonymous_0)
FN:26,(anonymous_1)
FNF:2
FNH:2
FNDA:2,(anonymous_0)
FNDA:3,(anonymous_1)
DA:7,1
DA:9,2
DA:10,2
DA:12,2
DA:27,3
DA:61,1
DA:82,1
LF:7
LH:7
BRDA:16,0,0,1
BRDA:16,0,1,1
BRF:2
BRH:2
end_of_record
TN:
SF:src\components\GridItem.js
FN:6,(anonymous_0)
FN:10,(anonymous_1)
FNF:2
FNH:2
FNDA:5,(anonymous_0)
FNDA:1,(anonymous_1)
DA:6,2
DA:8,5
DA:10,5
DA:11,1
DA:12,1
DA:15,5
DA:26,2
LF:7
LH:7
BRF:0
BRH:0
end_of_record
TN:
SF:src\helpers\fetchPokemon.js
FN:4,(anonymous_0)
FN:15,(anonymous_1)
FN:18,(anonymous_2)
FNF:3
FNH:3
FNDA:5,(anonymous_0)
FNDA:8,(anonymous_1)
FNDA:339,(anonymous_2)
DA:4,5
DA:6,5
DA:8,5
DA:9,4
DA:11,4
DA:15,8
DA:18,339
DA:23,1
LF:8
LH:8
BRF:0
BRH:0
end_of_record
TN:
SF:src\helpers\fetchPokemons.js
FN:3,(anonymous_0)
FNF:1
FNH:1
FNDA:5,(anonymous_0)
DA:3,2
DA:4,5
DA:6,5
DA:7,1
DA:10,4
DA:11,4
DA:12,4
DA:13,4
DA:14,2
DA:16,4
DA:18,4
DA:20,3
DA:21,2
DA:24,1
DA:33,2
DA:34,1
DA:38,1
LF:17
LH:17
BRDA:6,0,0,1
BRDA:6,0,1,4
BRDA:6,1,0,5
BRDA:6,1,1,3
BRDA:13,2,0,2
BRDA:13,2,1,2
BRDA:20,3,0,2
BRDA:20,3,1,1
BRDA:33,4,0,1
BRDA:33,4,1,1
BRF:10
BRH:10
end_of_record
TN:
SF:src\hooks\useFetchPokemon.js
FN:5,(anonymous_0)
FN:9,(anonymous_1)
FNF:2
FNH:2
FNDA:2,(anonymous_0)
FNDA:1,(anonymous_1)
DA:5,3
DA:7,2
DA:9,2
DA:10,1
DA:11,1
DA:12,1
DA:16,2
LF:7
LH:7
BRDA:10,0,0,1
BRDA:10,0,1,0
BRDA:10,1,0,1
BRDA:10,1,1,1
BRF:4
BRH:3
end_of_record
TN:
SF:src\hooks\useFetchPokemons.js
FN:5,(anonymous_0)
FN:8,(anonymous_1)
FN:10,(anonymous_2)
FNF:3
FNH:3
FNDA:2,(anonymous_0)
FNDA:1,(anonymous_1)
FNDA:1,(anonymous_2)
DA:5,1
DA:6,2
DA:8,2
DA:9,1
DA:10,1
DA:11,1
DA:12,1
DA:17,2
LF:8
LH:8
BRDA:5,0,0,0
BRF:1
BRH:0
end_of_record
TN:
SF:src\pages\PokemonDetail.js
FN:4,(anonymous_0)
FN:12,(anonymous_1)
FN:25,(anonymous_2)
FN:30,(anonymous_3)
FNF:4
FNH:4
FNDA:2,(anonymous_0)
FNDA:4,(anonymous_1)
FNDA:166,(anonymous_2)
FNDA:1,(anonymous_3)
DA:4,2
DA:5,2
DA:12,4
DA:25,166
DA:30,1
DA:38,2
LF:6
LH:6
BRF:0
BRH:0
end_of_record
TN:
SF:src\utils\utils.js
FN:1,(anonymous_0)
FNF:1
FNH:1
FNDA:8,(anonymous_0)
DA:1,7
DA:2,8
DA:5,7
LF:3
LH:3
BRF:0
BRH:0
end_of_record
